<?xml version="1.0" encoding="UTF-8"?>
<!-- Generated by org.testng.reporters.JUnitXMLReporter -->
<testsuite ignored="1" hostname="LAPTOP-I3FF954E" failures="0" tests="1" name="Default test" time="1.803" errors="0" timestamp="2023-09-20T10:16:17 PDT">
  <testcase classname="testbookApi.testUsersData" name="createUser" time="1.774"/>
  <testcase classname="testbookApi.testUsersData" name="getUserDetails" time="0.0">
    <ignored/>
  </testcase> <!-- getUserDetails -->
</testsuite> <!-- Default test -->
