<?xml version="1.0" encoding="UTF-8"?>
<testng-results ignored="0" total="1" passed="1" failed="0" skipped="0">
  <reporter-output>
  </reporter-output>
  <suite started-at="2023-09-26T15:16:03 PDT" name="Default suite" finished-at="2023-09-26T15:16:06 PDT" duration-ms="3824">
    <groups>
    </groups>
    <test started-at="2023-09-26T15:16:03 PDT" name="Default test" finished-at="2023-09-26T15:16:06 PDT" duration-ms="3824">
      <class name="testbookApi.getBookList">
        <test-method signature="getAllBookList()[pri:0, instance:testbookApi.getBookList@7ec7ffd3]" started-at="2023-09-26T15:16:03 PDT" name="getAllBookList" finished-at="2023-09-26T15:16:06 PDT" duration-ms="3754" status="PASS">
          <reporter-output>
          </reporter-output>
        </test-method> <!-- getAllBookList -->
      </class> <!-- testbookApi.getBookList -->
    </test> <!-- Default test -->
  </suite> <!-- Default suite -->
</testng-results>
